[21:45:24] [main/INFO] (FabricLoader/GameProvider) Loading Minecraft 1.16.5 with Fabric Loader 0.15.10
[21:45:24] [main/INFO] (FabricLoader) Loading 50 mods:
	- fabric 0.42.0+1.16
	- fabric-api-base 0.4.0+3cc0f0907d
	- fabric-api-lookup-api-v1 1.3.1+3cc0f0907d
	- fabric-biome-api-v1 3.1.13+3cc0f0907d
	- fabric-blockrenderlayer-v1 1.1.6+3cc0f0907d
	- fabric-command-api-v1 1.1.3+3cc0f0907d
	- fabric-commands-v0 0.2.3+3cc0f0907d
	- fabric-containers-v0 0.1.12+3cc0f0907d
	- fabric-content-registries-v0 0.2.5+3cc0f0907d
	- fabric-crash-report-info-v1 0.1.4+3cc0f0907d
	- fabric-dimensions-v1 2.0.8+3cc0f0907d
	- fabric-entity-events-v1 1.2.4+3cc0f0907d
	- fabric-events-interaction-v0 0.4.5+3cc0f0907d
	- fabric-events-lifecycle-v0 0.2.2+3cc0f0907d
	- fabric-game-rule-api-v1 1.0.7+3cc0f0907d
	- fabric-item-api-v1 1.2.2+3cc0f0907d
	- fabric-item-groups-v0 0.3.1+3cc0f0907d
	- fabric-key-binding-api-v1 1.0.5+3cc0f0907d
	- fabric-keybindings-v0 0.2.2+3cc0f0907d
	- fabric-lifecycle-events-v1 1.2.2+3cc0f0907d
	- fabric-loot-tables-v1 1.0.3+3cc0f0907d
	- fabric-mining-levels-v0 0.1.4+3cc0f0907d
	- fabric-models-v0 0.3.1+3cc0f0907d
	- fabric-networking-api-v1 1.0.5+3cc0f0907d
	- fabric-networking-blockentity-v0 0.2.9+3cc0f0907d
	- fabric-networking-v0 0.3.3+3cc0f0907d
	- fabric-object-builder-api-v1 1.9.6+3cc0f0907d
	- fabric-object-builders-v0 0.7.3+3cc0f0907d
	- fabric-particles-v1 0.2.5+3cc0f0907d
	- fabric-registry-sync-v0 0.7.6+3cc0f0907d
	- fabric-renderer-api-v1 0.4.5+3cc0f0907d
	- fabric-renderer-indigo 0.4.5+3cc0f0907d
	- fabric-renderer-registries-v1 2.3.1+3cc0f0907d
	- fabric-rendering-data-attachment-v1 0.1.6+3cc0f0907d
	- fabric-rendering-fluids-v1 0.1.15+3cc0f0907d
	- fabric-rendering-v0 1.1.3+3cc0f0907d
	- fabric-rendering-v1 1.6.1+3cc0f0907d
	- fabric-resource-loader-v0 0.4.8+3cc0f0907d
	- fabric-screen-api-v1 1.0.1+3cc0f0907d
	- fabric-screen-handler-api-v1 1.1.6+3cc0f0907d
	- fabric-structure-api-v1 1.1.12+3cc0f0907d
	- fabric-tag-extensions-v0 1.1.2+3cc0f0907d
	- fabric-textures-v0 1.0.7+3cc0f0907d
	- fabric-tool-attribute-api-v1 1.2.8+3cc0f0907d
	- fabric-transfer-api-v1 1.5.0+3cc0f0907d
	- fabricloader 0.15.10
	- java 17
	- minecraft 1.16.5
	- mixinextras 0.3.5
	- snusmod 1.0-SNAPSHOT
[21:45:24] [main/INFO] (FabricLoader/Mixin) SpongePowered MIXIN Subsystem Version=0.8.5 Source=file:/C:/Users/PC/.gradle/caches/modules-2/files-2.1/net.fabricmc/sponge-mixin/0.13.3+mixin.0.8.5/9527e6b0d2449408958fd1302594dc65ec5ade9c/sponge-mixin-0.13.3+mixin.0.8.5.jar Service=Knot/Fabric Env=CLIENT
[21:45:24] [main/INFO] (FabricLoader/Mixin) Loaded Fabric development mappings for mixin remapper!
[21:45:25] [main/INFO] (FabricLoader/MixinExtras|Service) Initializing MixinExtras via com.llamalad7.mixinextras.service.MixinExtrasServiceImpl(version=0.3.5).
[21:45:29] [main/INFO] (Minecraft) Environment: authHost='https://authserver.mojang.com', accountsHost='https://api.mojang.com', sessionHost='https://sessionserver.mojang.com', servicesHost='https://api.minecraftservices.com', name='PROD'
[21:45:29] [main/INFO] (Minecraft) Setting user: Player738
[21:45:30] [main/INFO] (Indigo) [Indigo] Registering Indigo renderer!
[21:45:30] [main/INFO] (Minecraft) Backend library: LWJGL version 3.2.2 build 10
[21:45:32] [main/INFO] (Minecraft) Narrator library for x64 successfully loaded
[21:45:32] [main/INFO] (Minecraft) Reloading ResourceManager: Default, Fabric Mods (Fabric Tag Extensions (v0), Fabric Screen API (v1), Fabric Containers (v0), Fabric Commands (v0), Fabric Models (v0), Fabric Registry Sync (v0), snusmod, Fabric Crash Report Info (v1), Fabric Textures (v0), Fabric Screen Handler API (v1), Fabric Lifecycle Events (v1), Fabric Key Binding API (v1), Fabric Item Groups (v0), Fabric Command API (v1), Fabric Particles (v1), Fabric Rendering (v0), Fabric Object Builders (v0), Fabric Loot Tables (v1), Fabric Biome API (v1), Fabric Networking (v0), Fabric Entity Events (v1), Fabric Structure API (v1), Fabric Mining Levels (v0), Fabric API Lookup API (v1), Fabric Game Rule API (v1), Fabric Item API (v1), Fabric Rendering Data Attachment (v1), Fabric Tool Attribute API (v1), Fabric Rendering (v1), Fabric Renderer Registries (v1), Fabric API, Fabric Dimensions API (v1), Fabric Events Interaction (v0), Fabric Key Bindings (v0), Fabric Transfer API (v1), Fabric Rendering Fluids (v1), Fabric Renderer - Indigo, Fabric Content Registries (v0), Fabric Renderer API (v1), Fabric Networking API (v1), Fabric Events Lifecycle (v0), Fabric Resource Loader (v0), Fabric BlockRenderLayer Registration (v1), Fabric Object Builder API (v1), Fabric Networking Block Entity (v0), Fabric API Base, Fabric Loader)
[21:45:32] [Realms Notification Availability checker #1/INFO] (Minecraft) Could not authorize you against Realms server: Invalid session id
[21:45:33] [Worker-Main-11/WARN] (Minecraft) Texture snusmod:item/custom_sword with size 489x489 limits mip level from 4 to 0
[21:45:33] [Worker-Main-11/WARN] (Minecraft) minecraft:textures/atlas/blocks.png: dropping miplevel from 4 to 0, because of minimum power of two: 1
[21:45:33] [main/INFO] (Minecraft) OpenAL initialized.
[21:45:33] [main/INFO] (Minecraft) Sound engine started
[21:45:33] [main/INFO] (Minecraft) Created: 1024x1024x0 minecraft:textures/atlas/blocks.png-atlas
[21:45:33] [main/INFO] (Minecraft) Created: 256x128x4 minecraft:textures/atlas/signs.png-atlas
[21:45:33] [main/INFO] (Minecraft) Created: 1024x512x4 minecraft:textures/atlas/banner_patterns.png-atlas
[21:45:33] [main/INFO] (Minecraft) Created: 1024x512x4 minecraft:textures/atlas/shield_patterns.png-atlas
[21:45:33] [main/INFO] (Minecraft) Created: 256x256x4 minecraft:textures/atlas/chest.png-atlas
[21:45:33] [main/INFO] (Minecraft) Created: 512x256x4 minecraft:textures/atlas/beds.png-atlas
[21:45:33] [main/INFO] (Minecraft) Created: 512x256x4 minecraft:textures/atlas/shulker_boxes.png-atlas
[21:45:34] [main/INFO] (Minecraft) Created: 256x256x0 minecraft:textures/atlas/particles.png-atlas
[21:45:34] [main/INFO] (Minecraft) Created: 256x256x0 minecraft:textures/atlas/paintings.png-atlas
[21:45:34] [main/INFO] (Minecraft) Created: 256x128x0 minecraft:textures/atlas/mob_effects.png-atlas
[21:45:37] [main/WARN] (Minecraft) Ambiguity between arguments [teleport, destination] and [teleport, targets] with inputs: [Player, 0123, @e, dd12be42-52a9-4a91-a8a1-11c01849e498]
[21:45:37] [main/WARN] (Minecraft) Ambiguity between arguments [teleport, location] and [teleport, destination] with inputs: [0.1 -0.5 .9, 0 0 0]
[21:45:37] [main/WARN] (Minecraft) Ambiguity between arguments [teleport, location] and [teleport, targets] with inputs: [0.1 -0.5 .9, 0 0 0]
[21:45:37] [main/WARN] (Minecraft) Ambiguity between arguments [teleport, targets] and [teleport, destination] with inputs: [Player, 0123, dd12be42-52a9-4a91-a8a1-11c01849e498]
[21:45:37] [main/WARN] (Minecraft) Ambiguity between arguments [teleport, targets, location] and [teleport, targets, destination] with inputs: [0.1 -0.5 .9, 0 0 0]
[21:45:37] [main/INFO] (Minecraft) Reloading ResourceManager: Default, Fabric Mods (snusmod, Fabric Tool Attribute API (v1))
[21:45:38] [main/INFO] (Minecraft) Loaded 7 recipes
[21:45:38] [main/INFO] (Minecraft) Loaded 927 advancements
[21:45:38] [main/INFO] (BiomeModificationImpl) Applied 0 biome modifications to 0 of 79 new biomes in 2.064 ms
[21:45:39] [main/INFO] (Minecraft) Environment: authHost='https://authserver.mojang.com', accountsHost='https://api.mojang.com', sessionHost='https://sessionserver.mojang.com', servicesHost='https://api.minecraftservices.com', name='PROD'
[21:45:39] [Server thread/INFO] (Minecraft) Starting integrated minecraft server version 1.16.5
[21:45:39] [Server thread/INFO] (Minecraft) Generating keypair
[21:45:39] [Server thread/INFO] (Minecraft) Preparing start region for dimension minecraft:overworld
[21:45:39] [main/INFO] (Minecraft) Preparing spawn area: 0%
[21:45:39] [main/INFO] (Minecraft) Preparing spawn area: 5%
[21:45:40] [main/INFO] (Minecraft) Time elapsed: 713 ms
[21:45:40] [Server thread/INFO] (Minecraft) Changing view distance to 11, from 10
[21:45:40] [Server thread/INFO] (Minecraft) Player738[local:E:bc59e27e] logged in with entity id 38 at (2.999985584465902E7, 10.49387667120212, 975.1969917259938)
[21:45:40] [Server thread/INFO] (Minecraft) Player738 joined the game
[21:45:41] [Server thread/INFO] (Minecraft) Saving and pausing game...
[21:45:41] [Server thread/INFO] (Minecraft) Saving chunks for level 'ServerLevel[New World]'/minecraft:overworld
[21:45:41] [main/INFO] (Minecraft) Loaded 0 advancements
[21:45:41] [Server thread/INFO] (Minecraft) Saving chunks for level 'ServerLevel[New World]'/minecraft:the_nether
[21:45:41] [Server thread/INFO] (Minecraft) Saving chunks for level 'ServerLevel[New World]'/minecraft:the_end
[21:45:41] [main/WARN] (Minecraft) Received passengers for unknown entity
[21:45:44] [Server thread/INFO] (Minecraft) [STDOUT]: onUse method is called
[21:45:45] [Server thread/INFO] (Minecraft) Villager VillagerEntity['Villager'/51, l='ServerLevel[New World]', x=29999866.63, y=4.00, z=982.45] died, message: 'Villager suffocated in a wall'
[21:45:45] [main/INFO] (Minecraft) Villager VillagerEntity['Villager'/51, l='ClientLevel', x=29999866.63, y=4.00, z=982.45] died, message: 'Villager died'
[21:45:55] [Server thread/INFO] (Minecraft) [STDOUT]: onUse method is called
[21:46:07] [Server thread/INFO] (Minecraft) [STDOUT]: onUse method is called
[21:46:07] [Server thread/INFO] (Minecraft) [STDOUT]: gg
[21:46:19] [Server thread/INFO] (Minecraft) [STDOUT]: onUse method is called
[21:46:19] [Server thread/INFO] (Minecraft) [STDOUT]: gg
[21:46:48] [Server thread/INFO] (Minecraft) [Player738: Summoned new entity.snusmod.infected]
[21:46:48] [main/INFO] (Minecraft) [CHAT] Summoned new entity.snusmod.infected
[21:46:51] [Server thread/INFO] (Minecraft) [Player738: Set own game mode to Survival Mode]
[21:46:51] [main/INFO] (Minecraft) [CHAT] Set own game mode to Survival Mode
[21:47:01] [main/INFO] (Minecraft) Loaded 14 advancements
[21:47:10] [Server thread/INFO] (Minecraft) Villager VillagerEntity['Villager'/50, l='ServerLevel[New World]', x=29999863.95, y=4.00, z=942.55] died, message: 'Villager hit the ground too hard whilst trying to escape Player738'
[21:47:10] [main/INFO] (Minecraft) Villager VillagerEntity['Villager'/50, l='ClientLevel', x=29999863.95, y=10.75, z=942.55] died, message: 'Villager died'
[21:47:21] [Server thread/INFO] (Minecraft) [Player738: Summoned new Wither]
[21:47:21] [main/INFO] (Minecraft) [CHAT] Summoned new Wither
[21:47:22] [Server thread/INFO] (Minecraft) Saving and pausing game...
[21:47:22] [Server thread/INFO] (Minecraft) Saving chunks for level 'ServerLevel[New World]'/minecraft:overworld
[21:47:22] [Server thread/INFO] (Minecraft) Saving chunks for level 'ServerLevel[New World]'/minecraft:the_nether
[21:47:22] [Server thread/INFO] (Minecraft) Saving chunks for level 'ServerLevel[New World]'/minecraft:the_end
[21:47:28] [Server thread/INFO] (Minecraft) [Player738: Summoned new Ender Dragon]
[21:47:28] [main/INFO] (Minecraft) [CHAT] Summoned new Ender Dragon
[21:47:43] [Server thread/INFO] (Minecraft) Player738 has made the advancement [Monster Hunter]
[21:47:43] [main/INFO] (Minecraft) [CHAT] Player738 has made the advancement [Monster Hunter]
[21:47:43] [main/INFO] (Minecraft) Loaded 17 advancements
[21:47:49] [Server thread/INFO] (Minecraft) Villager VillagerEntity['Villager'/492, l='ServerLevel[New World]', x=29999871.93, y=4.00, z=961.06] died, message: 'Villager was slain by Player738'
[21:47:49] [main/INFO] (Minecraft) Villager VillagerEntity['Villager'/492, l='ClientLevel', x=29999871.93, y=4.00, z=961.06] died, message: 'Villager died'
[21:47:50] [Server thread/INFO] (Minecraft) Villager VillagerEntity['Villager'/491, l='ServerLevel[New World]', x=29999870.80, y=4.00, z=962.03] died, message: 'Villager hit the ground too hard whilst trying to escape Player738'
[21:47:50] [main/INFO] (Minecraft) Villager VillagerEntity['Villager'/491, l='ClientLevel', x=29999870.80, y=11.36, z=962.03] died, message: 'Villager died'
[21:48:04] [Server thread/INFO] (Minecraft) Player738 fell from a high place
[21:48:04] [main/INFO] (Minecraft) [CHAT] Player738 fell from a high place
[21:48:06] [Server thread/INFO] (Minecraft) Saving and pausing game...
[21:48:06] [Server thread/INFO] (Minecraft) Saving chunks for level 'ServerLevel[New World]'/minecraft:overworld
[21:48:06] [Server thread/INFO] (Minecraft) Saving chunks for level 'ServerLevel[New World]'/minecraft:the_nether
[21:48:06] [Server thread/INFO] (Minecraft) Saving chunks for level 'ServerLevel[New World]'/minecraft:the_end
[21:48:08] [main/INFO] (Minecraft) Stopping!
[21:48:08] [Server thread/INFO] (Minecraft) Player738 lost connection: Disconnected
[21:48:08] [Server thread/INFO] (Minecraft) Player738 left the game
[21:48:08] [Server thread/INFO] (Minecraft) Stopping singleplayer server as player logged out
[21:48:08] [Server thread/INFO] (Minecraft) Stopping server
[21:48:08] [Server thread/INFO] (Minecraft) Saving players
[21:48:08] [Server thread/INFO] (Minecraft) Saving worlds
[21:48:08] [Server thread/INFO] (Minecraft) Saving chunks for level 'ServerLevel[New World]'/minecraft:overworld
[21:48:08] [Server thread/INFO] (Minecraft) ThreadedAnvilChunkStorage (New World (3)): All chunks are saved
[21:48:08] [Server thread/INFO] (Minecraft) Saving chunks for level 'ServerLevel[New World]'/minecraft:the_nether
[21:48:08] [Server thread/INFO] (Minecraft) ThreadedAnvilChunkStorage (DIM-1): All chunks are saved
[21:48:08] [Server thread/INFO] (Minecraft) Saving chunks for level 'ServerLevel[New World]'/minecraft:the_end
[21:48:08] [Server thread/INFO] (Minecraft) ThreadedAnvilChunkStorage (DIM1): All chunks are saved
[21:48:08] [Server thread/INFO] (Minecraft) ThreadedAnvilChunkStorage (New World (3)): All chunks are saved
[21:48:08] [Server thread/INFO] (Minecraft) ThreadedAnvilChunkStorage (DIM-1): All chunks are saved
[21:48:08] [Server thread/INFO] (Minecraft) ThreadedAnvilChunkStorage (DIM1): All chunks are saved
